<?xml version="1.0" encoding="UTF-8"?>
<Site BuildName="(empty)"
	BuildStamp="20240411-1351-Experimental"
	Name="(empty)"
	Generator="ctest-3.24.4"
	CompilerName=""
	CompilerVersion=""
	OSName="macOS"
	Hostname="Dillons-MacBook-Pro.local"
	OSRelease="14.4.1"
	OSVersion="23E224"
	OSPlatform="arm64"
	Is64Bits="1"
	VendorString="IBM"
	VendorID="IBM"
	FamilyID="16777228"
	ModelID="2"
	ProcessorCacheSize="131072"
	NumberOfLogicalCPU="8"
	NumberOfPhysicalCPU="8"
	TotalVirtualMemory="1024"
	TotalPhysicalMemory="16384"
	LogicalProcessorsPerPhysical="8"
	ProcessorClockFrequency="0"
	>
	<Testing>
		<StartDateTime>Apr 11 09:51 EDT</StartDateTime>
		<StartTestTime>1712843488</StartTestTime>
		<TestList/>
		<EndDateTime>Apr 11 09:51 EDT</EndDateTime>
		<EndTestTime>1712843488</EndTestTime>
		<ElapsedMinutes>0</ElapsedMinutes>
	</Testing>
</Site>
